<?xml version="1.0" ?>
<!DOCTYPE coverage SYSTEM "http://cobertura.sourceforge.net/xml/coverage-04.dtd">
<coverage lines-valid="15" lines-covered="15" line-rate="1" branches-valid="0" branches-covered="0" branch-rate="1" timestamp="1706001144540" complexity="0" version="0.1">
  <sources>
    <source>/Users/00144559luqmanulhakim/Documents/PublicGithub/poc-testing-nodejs</source>
  </sources>
  <packages>
    <package name="src" line-rate="1" branch-rate="1">
      <classes>
        <class name="index.js" filename="src/index.js" line-rate="1" branch-rate="1">
          <methods>
            <method name="(anonymous_0)" hits="1" signature="()V">
              <lines>
                <line number="16" hits="1"/>
              </lines>
            </method>
            <method name="(anonymous_1)" hits="1" signature="()V">
              <lines>
                <line number="27" hits="1"/>
              </lines>
            </method>
          </methods>
          <lines>
            <line number="8" hits="1" branch="false"/>
            <line number="10" hits="1" branch="false"/>
            <line number="11" hits="1" branch="false"/>
            <line number="14" hits="1" branch="false"/>
            <line number="15" hits="1" branch="false"/>
            <line number="16" hits="1" branch="false"/>
            <line number="17" hits="1" branch="false"/>
            <line number="20" hits="1" branch="false"/>
            <line number="21" hits="1" branch="false"/>
            <line number="23" hits="1" branch="false"/>
            <line number="25" hits="1" branch="false"/>
            <line number="27" hits="1" branch="false"/>
            <line number="28" hits="1" branch="false"/>
          </lines>
        </class>
      </classes>
    </package>
    <package name="src.model" line-rate="1" branch-rate="1">
      <classes>
        <class name="Pet.js" filename="src/model/Pet.js" line-rate="1" branch-rate="1">
          <methods>
          </methods>
          <lines>
            <line number="4" hits="1" branch="false"/>
            <line number="11" hits="1" branch="false"/>
          </lines>
        </class>
      </classes>
    </package>
  </packages>
</coverage>
