{"total": {"lines":{"total":49,"covered":41,"skipped":0,"pct":83.67},"statements":{"total":49,"covered":41,"skipped":0,"pct":83.67},"functions":{"total":7,"covered":6,"skipped":0,"pct":85.71},"branches":{"total":6,"covered":4,"skipped":0,"pct":66.66},"branchesTrue":{"total":0,"covered":0,"skipped":0,"pct":100}}
,"/Users/00144559luqmanulhakim/Documents/PublicGithub/poc-testing-nodejs/src/index.js": {"lines":{"total":13,"covered":12,"skipped":0,"pct":92.3},"functions":{"total":2,"covered":1,"skipped":0,"pct":50},"statements":{"total":13,"covered":12,"skipped":0,"pct":92.3},"branches":{"total":0,"covered":0,"skipped":0,"pct":100}}
,"/Users/00144559luqmanulhakim/Documents/PublicGithub/poc-testing-nodejs/src/controllers/petController.mjs": {"lines":{"total":28,"covered":21,"skipped":0,"pct":75},"functions":{"total":5,"covered":5,"skipped":0,"pct":100},"statements":{"total":28,"covered":21,"skipped":0,"pct":75},"branches":{"total":6,"covered":4,"skipped":0,"pct":66.66}}
,"/Users/00144559luqmanulhakim/Documents/PublicGithub/poc-testing-nodejs/src/model/Pet.js": {"lines":{"total":2,"covered":2,"skipped":0,"pct":100},"functions":{"total":0,"covered":0,"skipped":0,"pct":100},"statements":{"total":2,"covered":2,"skipped":0,"pct":100},"branches":{"total":0,"covered":0,"skipped":0,"pct":100}}
,"/Users/00144559luqmanulhakim/Documents/PublicGithub/poc-testing-nodejs/src/routes/petRoutes.mjs": {"lines":{"total":6,"covered":6,"skipped":0,"pct":100},"functions":{"total":0,"covered":0,"skipped":0,"pct":100},"statements":{"total":6,"covered":6,"skipped":0,"pct":100},"branches":{"total":0,"covered":0,"skipped":0,"pct":100}}
}
