{"total": {"lines":{"total":15,"covered":14,"skipped":0,"pct":93.33},"statements":{"total":15,"covered":14,"skipped":0,"pct":93.33},"functions":{"total":2,"covered":1,"skipped":0,"pct":50},"branches":{"total":0,"covered":0,"skipped":0,"pct":100},"branchesTrue":{"total":0,"covered":0,"skipped":0,"pct":100}}
,"/Users/00144559luqmanulhakim/Documents/PublicGithub/poc-testing-nodejs/src/index.js": {"lines":{"total":13,"covered":12,"skipped":0,"pct":92.3},"functions":{"total":2,"covered":1,"skipped":0,"pct":50},"statements":{"total":13,"covered":12,"skipped":0,"pct":92.3},"branches":{"total":0,"covered":0,"skipped":0,"pct":100}}
,"/Users/00144559luqmanulhakim/Documents/PublicGithub/poc-testing-nodejs/src/model/Pet.js": {"lines":{"total":2,"covered":2,"skipped":0,"pct":100},"functions":{"total":0,"covered":0,"skipped":0,"pct":100},"statements":{"total":2,"covered":2,"skipped":0,"pct":100},"branches":{"total":0,"covered":0,"skipped":0,"pct":100}}
}
