TN:
SF:src/index.js
FN:16,(anonymous_0)
FN:27,(anonymous_1)
FNF:2
FNH:1
FNDA:1,(anonymous_0)
FNDA:0,(anonymous_1)
DA:8,1
DA:10,1
DA:11,1
DA:14,1
DA:15,1
DA:16,1
DA:17,1
DA:20,1
DA:21,1
DA:23,1
DA:25,1
DA:27,1
DA:28,0
LF:13
LH:12
BRF:0
BRH:0
end_of_record
TN:
SF:src/controllers/petController.mjs
FN:5,(anonymous_0)
FN:15,(anonymous_1)
FN:24,(anonymous_2)
FN:36,(anonymous_3)
FN:52,(anonymous_4)
FNF:5
FNH:5
FNDA:1,(anonymous_0)
FNDA:1,(anonymous_1)
FNDA:2,(anonymous_2)
FNDA:1,(anonymous_3)
FNDA:1,(anonymous_4)
DA:4,1
DA:6,1
DA:7,1
DA:8,1
DA:9,1
DA:11,0
DA:16,1
DA:17,1
DA:18,1
DA:20,0
DA:25,2
DA:26,2
DA:27,2
DA:28,1
DA:30,1
DA:32,0
DA:37,1
DA:38,1
DA:43,1
DA:44,0
DA:46,1
DA:48,0
DA:53,1
DA:54,1
DA:55,1
DA:56,0
DA:58,1
DA:60,0
LF:28
LH:21
BRDA:27,0,0,1
BRDA:27,0,1,1
BRDA:43,1,0,0
BRDA:43,1,1,1
BRDA:55,2,0,0
BRDA:55,2,1,1
BRF:6
BRH:4
end_of_record
TN:
SF:src/model/Pet.js
FNF:0
FNH:0
DA:4,1
DA:11,1
LF:2
LH:2
BRF:0
BRH:0
end_of_record
TN:
SF:src/routes/petRoutes.mjs
FNF:0
FNH:0
DA:5,1
DA:8,1
DA:9,1
DA:10,1
DA:11,1
DA:12,1
LF:6
LH:6
BRF:0
BRH:0
end_of_record
